2025-10-24 21:08:09,439 Dodajê 2.00 i 3.00
2025-10-24 21:08:09,439 Wynik to 5.00
2025-10-24 21:09:12,223 Odejmujê 2.00 i 3.00
2025-10-24 21:09:12,223 Wynik to -1.00
2025-10-24 21:11:34,792 Dodajê 3.00 i 4.00
2025-10-24 21:11:34,793 Wynik to 7.00
2025-10-24 21:12:53,935 Iloczyn 5.00 i 6.00
2025-10-24 21:12:53,935 Wynik to 30.00
2025-10-24 21:13:49,217 Podano nieprawid³owe dzia³anie: 6
2025-10-24 21:14:23,471 Podano nieprawid³owe dzia³anie: q
2025-10-24 21:14:24,671 Podano nieprawid³owe dzia³anie: 
2025-10-25 00:59:56,203 Suma (+) 4.00 i 5.00
2025-10-25 00:59:56,204 Wynik to 9.00
2025-10-25 01:01:25,147 Iloraz 3.00 i 4.00
2025-10-25 01:01:25,148 Wynik to 0.75
2025-10-25 01:01:38,963 Iloraz 6.00 i 5.00
2025-10-25 01:01:38,963 Wynik to 1.20
2025-10-25 01:08:16,150 Iloraz 5.00 i 4.00
2025-10-25 01:08:16,150 Wynik to 1.25
2025-10-25 01:08:24,387 Próba dzielenia przez zero.
2025-10-25 01:09:13,797 Iloraz 5.00 i 5.00
2025-10-25 01:09:13,797 Wynik to 1.00
2025-10-25 01:09:21,165 Próba dzielenia przez zero.
2025-10-25 01:09:40,184 Iloraz 5.00 i 4.00
2025-10-25 01:09:40,185 Wynik to 1.25
2025-10-25 01:09:49,869 Iloraz 5.00 i -3.00
2025-10-25 01:09:49,870 Wynik to -1.67
2025-10-25 02:04:37,741 Próba dzielenia przez zero.
2025-10-25 02:22:49,775 Podano nieprawid³owe liczby: d, f
2025-10-25 02:22:56,971 Podano nieprawid³owe liczby: 4, f
2025-10-25 02:23:40,942 Podano nieprawid³owe liczby: f, f
2025-10-25 02:24:15,538 Podano nieprawid³owe liczby: f, f
2025-10-25 02:24:19,405 Suma 6.00 i 6.00
2025-10-25 02:24:19,405 Wynik to 12.00
2025-10-25 02:24:27,631 Wpisano nieprawid³owe znaki: f, f
2025-10-25 02:26:34,387 Wpisano nieprawid³owe znaki: z, 
2025-10-25 02:38:02,939 Wpisano nieprawid³owe znaki: s, s
2025-10-25 02:44:09,802 Wpisano nieprawid³owe znaki: r, 4
2025-10-25 02:44:11,412 Suma 4.00 i 5.00
2025-10-25 02:44:11,412 Wynik to 9.00
2025-10-25 02:44:20,530 Suma 3.00 i 4.00
2025-10-25 02:44:20,531 Wynik to 7.00
2025-10-25 02:44:41,929 Podano nieprawid³owe dzia³anie: 5
2025-10-25 02:44:48,433 Suma 2.00 i 3.00
2025-10-25 02:44:48,433 Wynik to 5.00
2025-10-25 02:45:27,987 Ró¿nica 3.00 i 3.00
2025-10-25 02:45:27,987 Wynik to 0.00
2025-10-25 02:46:50,422 Iloczyn 3.00 i 2.00
2025-10-25 02:46:50,422 Wynik to 6.00
